1501492055303	geckodriver	INFO	geckodriver 0.18.0
1501492055308	geckodriver	INFO	Listening on 127.0.0.1:61888
1501492057363	geckodriver::marionette	INFO	Starting browser C:\Program Files (x86)\Mozilla Firefox\firefox.exe with args ["-marionette"]
1501492060686	Marionette	INFO	Listening on port 61894
1501492061182	Marionette	WARN	TLS certificate errors will be ignored for this session
1501492064066	Marionette	INFO	New connections will no longer be accepted
/media/v2/css/bootstrap.css.map not found or invalid
  Stack:
    _fetchSourceMap/</map<@resource://gre/modules/commonjs/toolkit/loader.js -> resource://devtools/server/actors/stylesheets.js:579:27
process@resource://gre/modules/Promise.jsm -> resource://gre/modules/Promise-backend.js:922:23
walkerLoop@resource://gre/modules/Promise.jsm -> resource://gre/modules/Promise-backend.js:806:7
scheduleWalkerLoop/<@resource://gre/modules/Promise.jsm -> resource://gre/modules/Promise-backend.js:742:11

_fetchSourceMap/</map<@resource://gre/modules/commonjs/toolkit/loader.js -> resource://devtools/server/actors/stylesheets.js:579:27
process@resource://gre/modules/Promise.jsm -> resource://gre/modules/Promise-backend.js:922:23
walkerLoop@resource://gre/modules/Promise.jsm -> resource://gre/modules/Promise-backend.js:806:7
scheduleWalkerLoop/<@resource://gre/modules/Promise.jsm -> resource://gre/modules/Promise-backend.js:742:11
console.error: 
  Protocol error (unknownError): Source map at http://www.test.51p2b.com/media/v2/css/bootstrap.css.map not found or invalid
e/content/atom.js:116:629
W@chrome://marionette/content/atom.js:121:145
Aa@chrome://marionette/content/atom.js:126:65
Da@chrome://marionette/content/atom.js:128:344
atom.getElementText/<@chrome://marionette/content/atom.js:129:91
atom.getElementText@chrome://marionette/content/atom.js:105:57
getElementText@chrome://marionette/content/listener.js:1423:10
dispatch/</req<@chrome://marionette/content/listener.js:467:22
TaskImpl_run@resource://gre/modules/Task.jsm:319:42
TaskImpl@resource://gre/modules/Task.jsm:277:3
asyncFunction@resource://gre/modules/Task.jsm:252:14
Task_spawn@resource://gre/modules/Task.jsm:166:12
dispatch/<@chrome://marionette/content/listener.js:465:15

*************************
lementText@chrome://marionette/content/listener.js:1423:10
dispatch/</req<@chrome://marionette/content/listener.js:467:22
TaskImpl_run@resource://gre/modules/Task.jsm:319:42
TaskImpl@resource://gre/modules/Task.jsm:277:3
asyncFunction@resource://gre/modules/Task.jsm:252:14
Task_spawn@resource://gre/modules/Task.jsm:166:12
dispatch/<@chrome://marionette/content/listener.js:465:15

*************************
*************************
A coding exception was thrown and uncaught in a Task.

Full message: TypeError: Argument 1 of Window.getComputedStyle does not implement interface Element.
Full stack: ra@chrome://marionette/content/atom.js:116:629
W@chrome://marionette/content/atom.js:121:145
Aa@chrome://marionette/content/atom.js:126:65
Da@chrome://marionette/content/atom.js:128:344
atom.getElementText/<@chrome://marionette/content/atom.js:129:91
atom.getElementText@chrome://marionette/content/atom.js:105:57
getElementText@chrome://marionette/content/listener.js:1423:10
dispatch/</req<@chrome://marionette/content/listener.js:467:22
TaskImpl_run@resource://gre/modules/Task.jsm:319:42
TaskImpl@resource://gre/modules/Task.jsm:277:3
asyncFunction@resource://gre/modules/Task.jsm:252:14
Task_spawn@resource://gre/modules/Task.jsm:166:12
dispatch/<@chrome://marionette/content/listener.js:465:15

*************************
*************************
A coding exception was thrown and uncaught in a Task.

Full message: TypeError: Argument 1 of Window.getComputedStyle does not implement interface Element.
Full stack: ra@chrome://marionette/content/atom.js:116:629
W@chrome://marionette/content/atom.js:121:145
Aa@chrome://marionette/content/atom.js:126:65
Da@chrome://marionette/content/atom.js:128:344
atom.getElementText/<@chrome://marionette/content/atom.js:129:91
atom.getElementText@chrome://marionette/content/atom.js:105:57
getElementText@chrome://marionette/content/listener.js:1423:10
dispatch/</req<@chrome://marionette/content/listener.js:467:22
TaskImpl_run@resource://gre/modules/Task.jsm:319:42
TaskImpl@resource://gre/modules/Task.jsm:277:3
asyncFunction@resource://gre/modules/Task.jsm:252:14
Task_spawn@resource://gre/modules/Task.jsm:166:12
dispatch/<@chrome://marionette/content/listener.js:465:15

*************************
*************************
A coding exception was thrown and uncaught in a Task.

Full message: TypeError: Argument 1 of Window.getComputedStyle does not implement interface Element.
Full stack: ra@chrome://marionette/content/atom.js:116:629
W@chrome://marionette/content/atom.js:121:145
Aa@chrome://marionette/content/atom.js:126:65
Da@chrome://marionette/content/atom.js:128:344
atom.getElementText/<@chrome://marionette/content/atom.js:129:91
atom.getElementText@chrome://marionette/content/atom.js:105:57
getElementText@chrome://marionette/content/listener.js:1423:10
dispatch/</req<@chrome://marionette/content/listener.js:467:22
TaskImpl_run@resource://gre/modules/Task.jsm:319:42
TaskImpl@resource://gre/modules/Task.jsm:277:3
asyncFunction@resource://gre/modules/Task.jsm:252:14
Task_spawn@resource://gre/modules/Task.jsm:166:12
dispatch/<@chrome://marionette/content/listener.js:465:15

*************************
*************************
A coding exception was thrown and uncaught in a Task.

Full message: TypeError: Argument 1 of Window.getComputedStyle does not implement interface Element.
Full stack: ra@chrome://marionette/content/atom.js:116:629
W@chrome://marionette/content/atom.js:121:145
Aa@chrome://marionette/content/atom.js:126:65
Da@chrome://marionette/content/atom.js:128:344
atom.getElementText/<@chrome://marionette/content/atom.js:129:91
atom.getElementText@chrome://marionette/content/atom.js:105:57
getElementText@chrome://marionette/content/listener.js:1423:10
dispatch/</req<@chrome://marionette/content/listener.js:467:22
TaskImpl_run@resource://gre/modules/Task.jsm:319:42
TaskImpl@resource://gre/modules/Task.jsm:277:3
asyncFunction@resource://gre/modules/Task.jsm:252:14
Task_spawn@resource://gre/modules/Task.jsm:166:12
dispatch/<@chrome://marionette/content/listener.js:465:15

*************************
*************************
A coding exception was thrown and uncaught in a Task.

Full message: TypeError: Argument 1 of Window.getComputedStyle does not implement interface Element.
Full stack: ra@chrome://marionette/content/atom.js:116:629
W@chrome://marionette/content/atom.js:121:145
Aa@chrome://marionette/content/atom.js:126:65
Da@chrome://marionette/content/atom.js:128:344
atom.getElementText/<@chrome://marionette/content/atom.js:129:91
atom.getElementText@chrome://marionette/content/atom.js:105:57
getElementText@chrome://marionette/content/listener.js:1423:10
dispatch/</req<@chrome://marionette/content/listener.js:467:22
TaskImpl_run@resource://gre/modules/Task.jsm:319:42
TaskImpl@resource://gre/modules/Task.jsm:277:3
asyncFunction@resource://gre/modules/Task.jsm:252:14
Task_spawn@resource://gre/modules/Task.jsm:166:12
dispatch/<@chrome://marionette/content/listener.js:465:15

*************************
*************************
A coding exception was thrown and uncaught in a Task.

Full message: TypeError: Argument 1 of Window.getComputedStyle does not implement interface Element.
Full stack: ra@chrome://marionette/content/atom.js:116:629
W@chrome://marionette/content/atom.js:121:145
Aa@chrome://marionette/content/atom.js:126:65
Da@chrome://marionette/content/atom.js:128:344
atom.getElementText/<@chrome://marionette/content/atom.js:129:91
atom.getElementText@chrome://marionette/content/atom.js:105:57
getElementText@chrome://marionette/content/listener.js:1423:10
dispatch/</req<@chrome://marionette/content/listener.js:467:22
TaskImpl_run@resource://gre/modules/Task.jsm:319:42
TaskImpl@resource://gre/modules/Task.jsm:277:3
asyncFunction@resource://gre/modules/Task.jsm:252:14
Task_spawn@resource://gre/modules/Task.jsm:166:12
dispatch/<@chrome://marionette/content/listener.js:465:15

*************************
*************************
A coding exception was thrown and uncaught in a Task.

Full message: TypeError: Argument 1 of Window.getComputedStyle does not implement interface Element.
Full stack: ra@chrome://marionette/content/atom.js:116:629
W@chrome://marionette/content/atom.js:121:145
Aa@chrome://marionette/content/atom.js:126:65
Da@chrome://marionette/content/atom.js:128:344
atom.getElementText/<@chrome://marionette/content/atom.js:129:91
atom.getElementText@chrome://marionette/content/atom.js:105:57
getElementText@chrome://marionette/content/listener.js:1423:10
dispatch/</req<@chrome://marionette/content/listener.js:467:22
TaskImpl_run@resource://gre/modules/Task.jsm:319:42
TaskImpl@resource://gre/modules/Task.jsm:277:3
asyncFunction@resource://gre/modules/Task.jsm:252:14
Task_spawn@resource://gre/modules/Task.jsm:166:12
dispatch/<@chrome://marionette/content/listener.js:465:15

*************************
*************************
A coding exception was thrown and uncaught in a Task.

Full message: TypeError: Argument 1 of Window.getComputedStyle does not implement interface Element.
Full stack: ra@chrome://marionette/content/atom.js:116:629
W@chrome://marionette/content/atom.js:121:145
Aa@chrome://marionette/content/atom.js:126:65
Da@chrome://marionette/content/atom.js:128:344
atom.getElementText/<@chrome://marionette/content/atom.js:129:91
atom.getElementText@chrome://marionette/content/atom.js:105:57
getElementText@chrome://marionette/content/listener.js:1423:10
dispatch/</req<@chrome://marionette/content/listener.js:467:22
TaskImpl_run@resource://gre/modules/Task.jsm:319:42
TaskImpl@resource://gre/modules/Task.jsm:277:3
asyncFunction@resource://gre/modules/Task.jsm:252:14
Task_spawn@resource://gre/modules/Task.jsm:166:12
dispatch/<@chrome://marionette/content/listener.js:465:15

*************************
*************************
A coding exception was thrown and uncaught in a Task.

Full message: TypeError: Argument 1 of Window.getComputedStyle does not implement interface Element.
Full stack: ra@chrome://marionette/content/atom.js:116:629
W@chrome://marionette/content/atom.js:121:145
Aa@chrome://marionette/content/atom.js:126:65
Da@chrome://marionette/content/atom.js:128:344
atom.getElementText/<@chrome://marionette/content/atom.js:129:91
atom.getElementText@chrome://marionette/content/atom.js:105:57
getElementText@chrome://marionette/content/listener.js:1423:10
dispatch/</req<@chrome://marionette/content/listener.js:467:22
TaskImpl_run@resource://gre/modules/Task.jsm:319:42
TaskImpl@resource://gre/modules/Task.jsm:277:3
asyncFunction@resource://gre/modules/Task.jsm:252:14
Task_spawn@resource://gre/modules/Task.jsm:166:12
dispatch/<@chrome://marionette/content/listener.js:465:15

*************************
